QAflisp - FLISP Absolute crossassembler, Version 1.2
(c) GMV 1989-2022


File: displayseg.lst
FC                      1. DIPSWITCH:	ORG	$FC
---- File: "displayseg.sflisp"
FB                      2. SEGMENT7:	ORG	$FB
                        3. 
00                      4. 		ORG	$0
10                      5. SEG_TABLE:	ORG	$10
10 3F 06 5B 4F 66 6D    6. 		FCB	$3F,$06,$5B,$4F,$66,$6D,$7D,$07,$7F,$6F
     7D 07 7F 6F      
                        7. 
20                      8. 		ORG 	$20
20 F1 FC                9. START:		LDA	DIPSWITCH
22 90 10               10. DISPLAYSEG:	LDX	#SEG_TABLE
24 F4                  11. 		LDA	A,X
25 E1 FB               12. 		STA	SEGMENT7
27 33 20               13. 		JMP	START
FF                     14. 		ORG	$FF
FF 20                  15. 		FCB	START